<?xml version="1.0" encoding="UTF-8"?>
<testsuite xmlns:xsi="http://www.w3.org/2001/XMLSchema-instance" xsi:noNamespaceSchemaLocation="https://maven.apache.org/surefire/maven-surefire-plugin/xsd/surefire-test-report-3.0.xsd" version="3.0" name="com.mycompany.trabalho02oo.controllers.SistemaAcademicoTest" time="0.129" tests="5" errors="0" skipped="0" failures="2">
  <properties>
[...]
</properties>
  <testcase name="testeAdicionarBuscarAluno" classname="com.mycompany.trabalho02oo.controllers.SistemaAcademicoTest" time="0.047"/>
  <testcase name="testeMatricularTurmaSemVagas" classname="com.mycompany.trabalho02oo.controllers.SistemaAcademicoTest" time="0.007"/>
  <testcase name="testeSimularMatricula" classname="com.mycompany.trabalho02oo.controllers.SistemaAcademicoTest" time="0.013">
    <failure message="Relatorio deve conter itens ==&gt; expected: &lt;false&gt; but was: &lt;true&gt;" type="org.opentest4j.AssertionFailedError"><![CDATA[org.opentest4j.AssertionFailedError: Relatorio deve conter itens ==> expected: <false> but was: <true>
	at org.junit.jupiter.api.AssertionFailureBuilder.build(AssertionFailureBuilder.java:151)
	at org.junit.jupiter.api.AssertionFailureBuilder.buildAndThrow(AssertionFailureBuilder.java:132)
	at org.junit.jupiter.api.AssertFalse.failNotFalse(AssertFalse.java:63)
	at org.junit.jupiter.api.AssertFalse.assertFalse(AssertFalse.java:36)
	at org.junit.jupiter.api.Assertions.assertFalse(Assertions.java:239)
	at com.mycompany.trabalho02oo.controllers.SistemaAcademicoTest.testeSimularMatricula(SistemaAcademicoTest.java:80)
	at java.base/java.lang.reflect.Method.invoke(Method.java:580)
	at java.base/java.util.ArrayList.forEach(ArrayList.java:1596)
	at java.base/java.util.ArrayList.forEach(ArrayList.java:1596)
]]></failure>
  </testcase>
  <testcase name="testeMatricularComSucesso" classname="com.mycompany.trabalho02oo.controllers.SistemaAcademicoTest" time="0.007"/>
  <testcase name="testeBuscarAlunoInexistente" classname="com.mycompany.trabalho02oo.controllers.SistemaAcademicoTest" time="0.002">
    <failure message="Deve lancar excecao para aluno inexistente ==&gt; Expected java.lang.Exception to be thrown, but nothing was thrown." type="org.opentest4j.AssertionFailedError"><![CDATA[org.opentest4j.AssertionFailedError: Deve lancar excecao para aluno inexistente ==> Expected java.lang.Exception to be thrown, but nothing was thrown.
	at org.junit.jupiter.api.AssertionFailureBuilder.build(AssertionFailureBuilder.java:152)
	at org.junit.jupiter.api.AssertThrows.assertThrows(AssertThrows.java:73)
	at org.junit.jupiter.api.AssertThrows.assertThrows(AssertThrows.java:39)
	at org.junit.jupiter.api.Assertions.assertThrows(Assertions.java:3131)
	at com.mycompany.trabalho02oo.controllers.SistemaAcademicoTest.testeBuscarAlunoInexistente(SistemaAcademicoTest.java:98)
	at java.base/java.lang.reflect.Method.invoke(Method.java:580)
	at java.base/java.util.ArrayList.forEach(ArrayList.java:1596)
	at java.base/java.util.ArrayList.forEach(ArrayList.java:1596)
]]></failure>
  </testcase>
</testsuite>